C:\USERS\MENES\DOCUMENTS\VISUAL STUDIO 2012\PROJECTS\300HW4\300HW4\DEBUG\MEHMETENES_BATTAL_MEHMETENES_HW4.OBJ
C:\USERS\MENES\DOCUMENTS\VISUAL STUDIO 2012\PROJECTS\300HW4\300HW4\DEBUG\VC110.PDB
C:\USERS\MENES\DOCUMENTS\VISUAL STUDIO 2012\PROJECTS\300HW4\300HW4\DEBUG\AVLSEARCHTREE.OBJ
C:\USERS\MENES\DOCUMENTS\VISUAL STUDIO 2012\PROJECTS\300HW4\300HW4\DEBUG\HASHTABLE.OBJ
C:\USERS\MENES\DOCUMENTS\VISUAL STUDIO 2012\PROJECTS\300HW4\DEBUG\300HW4.ILK
C:\USERS\MENES\DOCUMENTS\VISUAL STUDIO 2012\PROJECTS\300HW4\DEBUG\300HW4.EXE
C:\USERS\MENES\DOCUMENTS\VISUAL STUDIO 2012\PROJECTS\300HW4\DEBUG\300HW4.PDB
C:\Users\Menes\Documents\Visual Studio 2012\Projects\300HW4\300HW4\Debug\AVLSearchTree.obj
C:\Users\Menes\Documents\Visual Studio 2012\Projects\300HW4\300HW4\Debug\HashTable.obj
C:\Users\Menes\Documents\Visual Studio 2012\Projects\300HW4\300HW4\Debug\mehmetenes_battal_mehmetenes_hw4.obj
C:\Users\Menes\Documents\Visual Studio 2012\Projects\300HW4\300HW4\Debug\cl.command.1.tlog
C:\Users\Menes\Documents\Visual Studio 2012\Projects\300HW4\300HW4\Debug\CL.read.1.tlog
C:\Users\Menes\Documents\Visual Studio 2012\Projects\300HW4\300HW4\Debug\CL.write.1.tlog
C:\Users\Menes\Documents\Visual Studio 2012\Projects\300HW4\300HW4\Debug\link-cvtres.read.1.tlog
C:\Users\Menes\Documents\Visual Studio 2012\Projects\300HW4\300HW4\Debug\link-cvtres.write.1.tlog
C:\Users\Menes\Documents\Visual Studio 2012\Projects\300HW4\300HW4\Debug\link-rc.read.1.tlog
C:\Users\Menes\Documents\Visual Studio 2012\Projects\300HW4\300HW4\Debug\link-rc.write.1.tlog
C:\Users\Menes\Documents\Visual Studio 2012\Projects\300HW4\300HW4\Debug\link.command.1.tlog
C:\Users\Menes\Documents\Visual Studio 2012\Projects\300HW4\300HW4\Debug\link.read.1.tlog
C:\Users\Menes\Documents\Visual Studio 2012\Projects\300HW4\300HW4\Debug\link.write.1.tlog
C:\Users\Menes\Documents\Visual Studio 2012\Projects\300HW4\300HW4\Debug\vc110.idb
C:\Users\Menes\Documents\Visual Studio 2012\Projects\300HW4\300HW4\Debug\vc110.pdb
C:\Users\Menes\Documents\Visual Studio 2012\Projects\300HW4\Debug\300HW4.pdb
C:\Users\Menes\Documents\Visual Studio 2012\Projects\300HW4\Debug\300HW4.exe
C:\Users\Menes\Documents\Visual Studio 2012\Projects\300HW4\Debug\300HW4.ilk
