C:\USERS\MENES\DOCUMENTS\VISUAL STUDIO 2012\PROJECTS\300HW1\300HW1\DEBUG\STACK.OBJ
C:\USERS\MENES\DOCUMENTS\VISUAL STUDIO 2012\PROJECTS\300HW1\300HW1\DEBUG\SOURCE.OBJ
C:\USERS\MENES\DOCUMENTS\VISUAL STUDIO 2012\PROJECTS\300HW1\300HW1\DEBUG\VC110.PDB
C:\USERS\MENES\DOCUMENTS\VISUAL STUDIO 2012\PROJECTS\300HW1\300HW1\DEBUG\RANDGEN.OBJ
C:\USERS\MENES\DOCUMENTS\VISUAL STUDIO 2012\PROJECTS\300HW1\300HW1\DEBUG\V1.OBJ
C:\USERS\MENES\DOCUMENTS\VISUAL STUDIO 2012\PROJECTS\300HW1\300HW1\DEBUG\V2.OBJ
C:\USERS\MENES\DOCUMENTS\VISUAL STUDIO 2012\PROJECTS\300HW1\300HW1\DEBUG\V3.OBJ
C:\USERS\MENES\DOCUMENTS\VISUAL STUDIO 2012\PROJECTS\300HW1\DEBUG\300HW1.ILK
C:\USERS\MENES\DOCUMENTS\VISUAL STUDIO 2012\PROJECTS\300HW1\DEBUG\300HW1.EXE
C:\USERS\MENES\DOCUMENTS\VISUAL STUDIO 2012\PROJECTS\300HW1\DEBUG\300HW1.PDB
C:\Users\Menes\Documents\Visual Studio 2012\Projects\300HW1\300HW1\Debug\randgen.obj
C:\Users\Menes\Documents\Visual Studio 2012\Projects\300HW1\300HW1\Debug\Source.obj
C:\Users\Menes\Documents\Visual Studio 2012\Projects\300HW1\300HW1\Debug\Stack.obj
C:\Users\Menes\Documents\Visual Studio 2012\Projects\300HW1\300HW1\Debug\v1.obj
C:\Users\Menes\Documents\Visual Studio 2012\Projects\300HW1\300HW1\Debug\v2.obj
C:\Users\Menes\Documents\Visual Studio 2012\Projects\300HW1\300HW1\Debug\v3.obj
C:\Users\Menes\Documents\Visual Studio 2012\Projects\300HW1\300HW1\Debug\cl.command.1.tlog
C:\Users\Menes\Documents\Visual Studio 2012\Projects\300HW1\300HW1\Debug\CL.read.1.tlog
C:\Users\Menes\Documents\Visual Studio 2012\Projects\300HW1\300HW1\Debug\CL.write.1.tlog
C:\Users\Menes\Documents\Visual Studio 2012\Projects\300HW1\300HW1\Debug\link-cvtres.read.1.tlog
C:\Users\Menes\Documents\Visual Studio 2012\Projects\300HW1\300HW1\Debug\link-cvtres.write.1.tlog
C:\Users\Menes\Documents\Visual Studio 2012\Projects\300HW1\300HW1\Debug\link-rc.read.1.tlog
C:\Users\Menes\Documents\Visual Studio 2012\Projects\300HW1\300HW1\Debug\link-rc.write.1.tlog
C:\Users\Menes\Documents\Visual Studio 2012\Projects\300HW1\300HW1\Debug\link.14968-cvtres.read.1.tlog
C:\Users\Menes\Documents\Visual Studio 2012\Projects\300HW1\300HW1\Debug\link.14968-cvtres.write.1.tlog
C:\Users\Menes\Documents\Visual Studio 2012\Projects\300HW1\300HW1\Debug\link.14968-rc.read.1.tlog
C:\Users\Menes\Documents\Visual Studio 2012\Projects\300HW1\300HW1\Debug\link.14968-rc.write.1.tlog
C:\Users\Menes\Documents\Visual Studio 2012\Projects\300HW1\300HW1\Debug\link.14968.read.1.tlog
C:\Users\Menes\Documents\Visual Studio 2012\Projects\300HW1\300HW1\Debug\link.14968.write.1.tlog
C:\Users\Menes\Documents\Visual Studio 2012\Projects\300HW1\300HW1\Debug\link.16304-cvtres.read.1.tlog
C:\Users\Menes\Documents\Visual Studio 2012\Projects\300HW1\300HW1\Debug\link.16304-cvtres.write.1.tlog
C:\Users\Menes\Documents\Visual Studio 2012\Projects\300HW1\300HW1\Debug\link.16304-rc.read.1.tlog
C:\Users\Menes\Documents\Visual Studio 2012\Projects\300HW1\300HW1\Debug\link.16304-rc.write.1.tlog
C:\Users\Menes\Documents\Visual Studio 2012\Projects\300HW1\300HW1\Debug\link.16304.read.1.tlog
C:\Users\Menes\Documents\Visual Studio 2012\Projects\300HW1\300HW1\Debug\link.16304.write.1.tlog
C:\Users\Menes\Documents\Visual Studio 2012\Projects\300HW1\300HW1\Debug\link.19812-cvtres.read.1.tlog
C:\Users\Menes\Documents\Visual Studio 2012\Projects\300HW1\300HW1\Debug\link.19812-cvtres.write.1.tlog
C:\Users\Menes\Documents\Visual Studio 2012\Projects\300HW1\300HW1\Debug\link.19812-rc.read.1.tlog
C:\Users\Menes\Documents\Visual Studio 2012\Projects\300HW1\300HW1\Debug\link.19812-rc.write.1.tlog
C:\Users\Menes\Documents\Visual Studio 2012\Projects\300HW1\300HW1\Debug\link.19812.read.1.tlog
C:\Users\Menes\Documents\Visual Studio 2012\Projects\300HW1\300HW1\Debug\link.19812.write.1.tlog
C:\Users\Menes\Documents\Visual Studio 2012\Projects\300HW1\300HW1\Debug\link.19948-cvtres.read.1.tlog
C:\Users\Menes\Documents\Visual Studio 2012\Projects\300HW1\300HW1\Debug\link.19948-cvtres.write.1.tlog
C:\Users\Menes\Documents\Visual Studio 2012\Projects\300HW1\300HW1\Debug\link.19948-rc.read.1.tlog
C:\Users\Menes\Documents\Visual Studio 2012\Projects\300HW1\300HW1\Debug\link.19948-rc.write.1.tlog
C:\Users\Menes\Documents\Visual Studio 2012\Projects\300HW1\300HW1\Debug\link.19948.read.1.tlog
C:\Users\Menes\Documents\Visual Studio 2012\Projects\300HW1\300HW1\Debug\link.19948.write.1.tlog
C:\Users\Menes\Documents\Visual Studio 2012\Projects\300HW1\300HW1\Debug\link.21900-cvtres.read.1.tlog
C:\Users\Menes\Documents\Visual Studio 2012\Projects\300HW1\300HW1\Debug\link.21900-cvtres.write.1.tlog
C:\Users\Menes\Documents\Visual Studio 2012\Projects\300HW1\300HW1\Debug\link.21900-rc.read.1.tlog
C:\Users\Menes\Documents\Visual Studio 2012\Projects\300HW1\300HW1\Debug\link.21900-rc.write.1.tlog
C:\Users\Menes\Documents\Visual Studio 2012\Projects\300HW1\300HW1\Debug\link.21900.read.1.tlog
C:\Users\Menes\Documents\Visual Studio 2012\Projects\300HW1\300HW1\Debug\link.21900.write.1.tlog
C:\Users\Menes\Documents\Visual Studio 2012\Projects\300HW1\300HW1\Debug\link.25932-cvtres.read.1.tlog
C:\Users\Menes\Documents\Visual Studio 2012\Projects\300HW1\300HW1\Debug\link.25932-cvtres.write.1.tlog
C:\Users\Menes\Documents\Visual Studio 2012\Projects\300HW1\300HW1\Debug\link.25932-rc.read.1.tlog
C:\Users\Menes\Documents\Visual Studio 2012\Projects\300HW1\300HW1\Debug\link.25932-rc.write.1.tlog
C:\Users\Menes\Documents\Visual Studio 2012\Projects\300HW1\300HW1\Debug\link.25932.read.1.tlog
C:\Users\Menes\Documents\Visual Studio 2012\Projects\300HW1\300HW1\Debug\link.25932.write.1.tlog
C:\Users\Menes\Documents\Visual Studio 2012\Projects\300HW1\300HW1\Debug\link.34080-cvtres.read.1.tlog
C:\Users\Menes\Documents\Visual Studio 2012\Projects\300HW1\300HW1\Debug\link.34080-cvtres.write.1.tlog
C:\Users\Menes\Documents\Visual Studio 2012\Projects\300HW1\300HW1\Debug\link.34080-rc.read.1.tlog
C:\Users\Menes\Documents\Visual Studio 2012\Projects\300HW1\300HW1\Debug\link.34080-rc.write.1.tlog
C:\Users\Menes\Documents\Visual Studio 2012\Projects\300HW1\300HW1\Debug\link.34080.read.1.tlog
C:\Users\Menes\Documents\Visual Studio 2012\Projects\300HW1\300HW1\Debug\link.34080.write.1.tlog
C:\Users\Menes\Documents\Visual Studio 2012\Projects\300HW1\300HW1\Debug\link.34304-cvtres.read.1.tlog
C:\Users\Menes\Documents\Visual Studio 2012\Projects\300HW1\300HW1\Debug\link.34304-cvtres.write.1.tlog
C:\Users\Menes\Documents\Visual Studio 2012\Projects\300HW1\300HW1\Debug\link.34304-rc.read.1.tlog
C:\Users\Menes\Documents\Visual Studio 2012\Projects\300HW1\300HW1\Debug\link.34304-rc.write.1.tlog
C:\Users\Menes\Documents\Visual Studio 2012\Projects\300HW1\300HW1\Debug\link.34304.read.1.tlog
C:\Users\Menes\Documents\Visual Studio 2012\Projects\300HW1\300HW1\Debug\link.34304.write.1.tlog
C:\Users\Menes\Documents\Visual Studio 2012\Projects\300HW1\300HW1\Debug\link.9812-cvtres.read.1.tlog
C:\Users\Menes\Documents\Visual Studio 2012\Projects\300HW1\300HW1\Debug\link.9812-cvtres.write.1.tlog
C:\Users\Menes\Documents\Visual Studio 2012\Projects\300HW1\300HW1\Debug\link.9812-rc.read.1.tlog
C:\Users\Menes\Documents\Visual Studio 2012\Projects\300HW1\300HW1\Debug\link.9812-rc.write.1.tlog
C:\Users\Menes\Documents\Visual Studio 2012\Projects\300HW1\300HW1\Debug\link.9812.read.1.tlog
C:\Users\Menes\Documents\Visual Studio 2012\Projects\300HW1\300HW1\Debug\link.9812.write.1.tlog
C:\Users\Menes\Documents\Visual Studio 2012\Projects\300HW1\300HW1\Debug\link.command.1.tlog
C:\Users\Menes\Documents\Visual Studio 2012\Projects\300HW1\300HW1\Debug\link.read.1.tlog
C:\Users\Menes\Documents\Visual Studio 2012\Projects\300HW1\300HW1\Debug\link.write.1.tlog
C:\Users\Menes\Documents\Visual Studio 2012\Projects\300HW1\300HW1\Debug\vc110.idb
C:\Users\Menes\Documents\Visual Studio 2012\Projects\300HW1\300HW1\Debug\vc110.pdb
C:\Users\Menes\Documents\Visual Studio 2012\Projects\300HW1\Debug\300HW1.pdb
C:\Users\Menes\Documents\Visual Studio 2012\Projects\300HW1\Debug\300HW1.exe
C:\Users\Menes\Documents\Visual Studio 2012\Projects\300HW1\Debug\300HW1.ilk
