C:\USERS\MENES\DOCUMENTS\VISUAL STUDIO 2012\PROJECTS\300HW3\300HW3\DEBUG\AVLSEARCHTREE.OBJ
C:\USERS\MENES\DOCUMENTS\VISUAL STUDIO 2012\PROJECTS\300HW3\300HW3\DEBUG\HASHTABLE.OBJ
C:\USERS\MENES\DOCUMENTS\VISUAL STUDIO 2012\PROJECTS\300HW3\300HW3\DEBUG\V3.OBJ
C:\USERS\MENES\DOCUMENTS\VISUAL STUDIO 2012\PROJECTS\300HW3\300HW3\DEBUG\VC110.PDB
C:\USERS\MENES\DOCUMENTS\VISUAL STUDIO 2012\PROJECTS\300HW3\DEBUG\300HW3.ILK
C:\USERS\MENES\DOCUMENTS\VISUAL STUDIO 2012\PROJECTS\300HW3\DEBUG\300HW3.EXE
C:\USERS\MENES\DOCUMENTS\VISUAL STUDIO 2012\PROJECTS\300HW3\DEBUG\300HW3.PDB
C:\Users\Menes\Documents\Visual Studio 2012\Projects\300HW3\300HW3\Debug\AVLSearchTree.obj
C:\Users\Menes\Documents\Visual Studio 2012\Projects\300HW3\300HW3\Debug\HashTable.obj
C:\Users\Menes\Documents\Visual Studio 2012\Projects\300HW3\300HW3\Debug\v3.obj
C:\Users\Menes\Documents\Visual Studio 2012\Projects\300HW3\300HW3\Debug\cl.command.1.tlog
C:\Users\Menes\Documents\Visual Studio 2012\Projects\300HW3\300HW3\Debug\CL.read.1.tlog
C:\Users\Menes\Documents\Visual Studio 2012\Projects\300HW3\300HW3\Debug\CL.write.1.tlog
C:\Users\Menes\Documents\Visual Studio 2012\Projects\300HW3\300HW3\Debug\link-cvtres.read.1.tlog
C:\Users\Menes\Documents\Visual Studio 2012\Projects\300HW3\300HW3\Debug\link-cvtres.write.1.tlog
C:\Users\Menes\Documents\Visual Studio 2012\Projects\300HW3\300HW3\Debug\link-rc.read.1.tlog
C:\Users\Menes\Documents\Visual Studio 2012\Projects\300HW3\300HW3\Debug\link-rc.write.1.tlog
C:\Users\Menes\Documents\Visual Studio 2012\Projects\300HW3\300HW3\Debug\link.command.1.tlog
C:\Users\Menes\Documents\Visual Studio 2012\Projects\300HW3\300HW3\Debug\link.read.1.tlog
C:\Users\Menes\Documents\Visual Studio 2012\Projects\300HW3\300HW3\Debug\link.write.1.tlog
C:\Users\Menes\Documents\Visual Studio 2012\Projects\300HW3\300HW3\Debug\vc110.idb
C:\Users\Menes\Documents\Visual Studio 2012\Projects\300HW3\300HW3\Debug\vc110.pdb
C:\Users\Menes\Documents\Visual Studio 2012\Projects\300HW3\Debug\300HW3.pdb
C:\Users\Menes\Documents\Visual Studio 2012\Projects\300HW3\Debug\300HW3.exe
C:\Users\Menes\Documents\Visual Studio 2012\Projects\300HW3\Debug\300HW3.ilk
