C:\USERS\MENES\DOCUMENTS\VISUAL STUDIO 2012\PROJECTS\300HW2\300HW2\DEBUG\AVLSEARCHTREE.OBJ
C:\USERS\MENES\DOCUMENTS\VISUAL STUDIO 2012\PROJECTS\300HW2\300HW2\DEBUG\VC110.PDB
C:\USERS\MENES\DOCUMENTS\VISUAL STUDIO 2012\PROJECTS\300HW2\300HW2\DEBUG\V2.OBJ
C:\USERS\MENES\DOCUMENTS\VISUAL STUDIO 2012\PROJECTS\300HW2\DEBUG\300HW2.ILK
C:\USERS\MENES\DOCUMENTS\VISUAL STUDIO 2012\PROJECTS\300HW2\DEBUG\300HW2.EXE
C:\USERS\MENES\DOCUMENTS\VISUAL STUDIO 2012\PROJECTS\300HW2\DEBUG\300HW2.PDB
C:\Users\Menes\Documents\Visual Studio 2012\Projects\300HW2\300HW2\Debug\AVLSearchTree.obj
C:\Users\Menes\Documents\Visual Studio 2012\Projects\300HW2\300HW2\Debug\v2.obj
C:\Users\Menes\Documents\Visual Studio 2012\Projects\300HW2\300HW2\Debug\cl.command.1.tlog
C:\Users\Menes\Documents\Visual Studio 2012\Projects\300HW2\300HW2\Debug\CL.read.1.tlog
C:\Users\Menes\Documents\Visual Studio 2012\Projects\300HW2\300HW2\Debug\CL.write.1.tlog
C:\Users\Menes\Documents\Visual Studio 2012\Projects\300HW2\300HW2\Debug\link-cvtres.read.1.tlog
C:\Users\Menes\Documents\Visual Studio 2012\Projects\300HW2\300HW2\Debug\link-cvtres.write.1.tlog
C:\Users\Menes\Documents\Visual Studio 2012\Projects\300HW2\300HW2\Debug\link-rc.read.1.tlog
C:\Users\Menes\Documents\Visual Studio 2012\Projects\300HW2\300HW2\Debug\link-rc.write.1.tlog
C:\Users\Menes\Documents\Visual Studio 2012\Projects\300HW2\300HW2\Debug\link.11152-cvtres.read.1.tlog
C:\Users\Menes\Documents\Visual Studio 2012\Projects\300HW2\300HW2\Debug\link.11152-cvtres.write.1.tlog
C:\Users\Menes\Documents\Visual Studio 2012\Projects\300HW2\300HW2\Debug\link.11152-rc.read.1.tlog
C:\Users\Menes\Documents\Visual Studio 2012\Projects\300HW2\300HW2\Debug\link.11152-rc.write.1.tlog
C:\Users\Menes\Documents\Visual Studio 2012\Projects\300HW2\300HW2\Debug\link.11152.read.1.tlog
C:\Users\Menes\Documents\Visual Studio 2012\Projects\300HW2\300HW2\Debug\link.11152.write.1.tlog
C:\Users\Menes\Documents\Visual Studio 2012\Projects\300HW2\300HW2\Debug\link.12168-cvtres.read.1.tlog
C:\Users\Menes\Documents\Visual Studio 2012\Projects\300HW2\300HW2\Debug\link.12168-cvtres.write.1.tlog
C:\Users\Menes\Documents\Visual Studio 2012\Projects\300HW2\300HW2\Debug\link.12168-rc.read.1.tlog
C:\Users\Menes\Documents\Visual Studio 2012\Projects\300HW2\300HW2\Debug\link.12168-rc.write.1.tlog
C:\Users\Menes\Documents\Visual Studio 2012\Projects\300HW2\300HW2\Debug\link.12168.read.1.tlog
C:\Users\Menes\Documents\Visual Studio 2012\Projects\300HW2\300HW2\Debug\link.12168.write.1.tlog
C:\Users\Menes\Documents\Visual Studio 2012\Projects\300HW2\300HW2\Debug\link.16232-cvtres.read.1.tlog
C:\Users\Menes\Documents\Visual Studio 2012\Projects\300HW2\300HW2\Debug\link.16232-cvtres.write.1.tlog
C:\Users\Menes\Documents\Visual Studio 2012\Projects\300HW2\300HW2\Debug\link.16232-rc.read.1.tlog
C:\Users\Menes\Documents\Visual Studio 2012\Projects\300HW2\300HW2\Debug\link.16232-rc.write.1.tlog
C:\Users\Menes\Documents\Visual Studio 2012\Projects\300HW2\300HW2\Debug\link.16232.read.1.tlog
C:\Users\Menes\Documents\Visual Studio 2012\Projects\300HW2\300HW2\Debug\link.16232.write.1.tlog
C:\Users\Menes\Documents\Visual Studio 2012\Projects\300HW2\300HW2\Debug\link.18760-cvtres.read.1.tlog
C:\Users\Menes\Documents\Visual Studio 2012\Projects\300HW2\300HW2\Debug\link.18760-cvtres.write.1.tlog
C:\Users\Menes\Documents\Visual Studio 2012\Projects\300HW2\300HW2\Debug\link.18760-rc.read.1.tlog
C:\Users\Menes\Documents\Visual Studio 2012\Projects\300HW2\300HW2\Debug\link.18760-rc.write.1.tlog
C:\Users\Menes\Documents\Visual Studio 2012\Projects\300HW2\300HW2\Debug\link.18760.read.1.tlog
C:\Users\Menes\Documents\Visual Studio 2012\Projects\300HW2\300HW2\Debug\link.18760.write.1.tlog
C:\Users\Menes\Documents\Visual Studio 2012\Projects\300HW2\300HW2\Debug\link.20416-cvtres.read.1.tlog
C:\Users\Menes\Documents\Visual Studio 2012\Projects\300HW2\300HW2\Debug\link.20416-cvtres.write.1.tlog
C:\Users\Menes\Documents\Visual Studio 2012\Projects\300HW2\300HW2\Debug\link.20416-rc.read.1.tlog
C:\Users\Menes\Documents\Visual Studio 2012\Projects\300HW2\300HW2\Debug\link.20416-rc.write.1.tlog
C:\Users\Menes\Documents\Visual Studio 2012\Projects\300HW2\300HW2\Debug\link.20416.read.1.tlog
C:\Users\Menes\Documents\Visual Studio 2012\Projects\300HW2\300HW2\Debug\link.20416.write.1.tlog
C:\Users\Menes\Documents\Visual Studio 2012\Projects\300HW2\300HW2\Debug\link.24296-cvtres.read.1.tlog
C:\Users\Menes\Documents\Visual Studio 2012\Projects\300HW2\300HW2\Debug\link.24296-cvtres.write.1.tlog
C:\Users\Menes\Documents\Visual Studio 2012\Projects\300HW2\300HW2\Debug\link.24296-rc.read.1.tlog
C:\Users\Menes\Documents\Visual Studio 2012\Projects\300HW2\300HW2\Debug\link.24296-rc.write.1.tlog
C:\Users\Menes\Documents\Visual Studio 2012\Projects\300HW2\300HW2\Debug\link.24296.read.1.tlog
C:\Users\Menes\Documents\Visual Studio 2012\Projects\300HW2\300HW2\Debug\link.24296.write.1.tlog
C:\Users\Menes\Documents\Visual Studio 2012\Projects\300HW2\300HW2\Debug\link.24808-cvtres.read.1.tlog
C:\Users\Menes\Documents\Visual Studio 2012\Projects\300HW2\300HW2\Debug\link.24808-cvtres.write.1.tlog
C:\Users\Menes\Documents\Visual Studio 2012\Projects\300HW2\300HW2\Debug\link.24808-rc.read.1.tlog
C:\Users\Menes\Documents\Visual Studio 2012\Projects\300HW2\300HW2\Debug\link.24808-rc.write.1.tlog
C:\Users\Menes\Documents\Visual Studio 2012\Projects\300HW2\300HW2\Debug\link.24808.read.1.tlog
C:\Users\Menes\Documents\Visual Studio 2012\Projects\300HW2\300HW2\Debug\link.24808.write.1.tlog
C:\Users\Menes\Documents\Visual Studio 2012\Projects\300HW2\300HW2\Debug\link.25960-cvtres.read.1.tlog
C:\Users\Menes\Documents\Visual Studio 2012\Projects\300HW2\300HW2\Debug\link.25960-cvtres.write.1.tlog
C:\Users\Menes\Documents\Visual Studio 2012\Projects\300HW2\300HW2\Debug\link.25960-rc.read.1.tlog
C:\Users\Menes\Documents\Visual Studio 2012\Projects\300HW2\300HW2\Debug\link.25960-rc.write.1.tlog
C:\Users\Menes\Documents\Visual Studio 2012\Projects\300HW2\300HW2\Debug\link.25960.read.1.tlog
C:\Users\Menes\Documents\Visual Studio 2012\Projects\300HW2\300HW2\Debug\link.25960.write.1.tlog
C:\Users\Menes\Documents\Visual Studio 2012\Projects\300HW2\300HW2\Debug\link.27604-cvtres.read.1.tlog
C:\Users\Menes\Documents\Visual Studio 2012\Projects\300HW2\300HW2\Debug\link.27604-cvtres.write.1.tlog
C:\Users\Menes\Documents\Visual Studio 2012\Projects\300HW2\300HW2\Debug\link.27604-rc.read.1.tlog
C:\Users\Menes\Documents\Visual Studio 2012\Projects\300HW2\300HW2\Debug\link.27604-rc.write.1.tlog
C:\Users\Menes\Documents\Visual Studio 2012\Projects\300HW2\300HW2\Debug\link.27604.read.1.tlog
C:\Users\Menes\Documents\Visual Studio 2012\Projects\300HW2\300HW2\Debug\link.27604.write.1.tlog
C:\Users\Menes\Documents\Visual Studio 2012\Projects\300HW2\300HW2\Debug\link.28632-cvtres.read.1.tlog
C:\Users\Menes\Documents\Visual Studio 2012\Projects\300HW2\300HW2\Debug\link.28632-cvtres.write.1.tlog
C:\Users\Menes\Documents\Visual Studio 2012\Projects\300HW2\300HW2\Debug\link.28632-rc.read.1.tlog
C:\Users\Menes\Documents\Visual Studio 2012\Projects\300HW2\300HW2\Debug\link.28632-rc.write.1.tlog
C:\Users\Menes\Documents\Visual Studio 2012\Projects\300HW2\300HW2\Debug\link.28632.read.1.tlog
C:\Users\Menes\Documents\Visual Studio 2012\Projects\300HW2\300HW2\Debug\link.28632.write.1.tlog
C:\Users\Menes\Documents\Visual Studio 2012\Projects\300HW2\300HW2\Debug\link.28764-cvtres.read.1.tlog
C:\Users\Menes\Documents\Visual Studio 2012\Projects\300HW2\300HW2\Debug\link.28764-cvtres.write.1.tlog
C:\Users\Menes\Documents\Visual Studio 2012\Projects\300HW2\300HW2\Debug\link.28764-rc.read.1.tlog
C:\Users\Menes\Documents\Visual Studio 2012\Projects\300HW2\300HW2\Debug\link.28764-rc.write.1.tlog
C:\Users\Menes\Documents\Visual Studio 2012\Projects\300HW2\300HW2\Debug\link.28764.read.1.tlog
C:\Users\Menes\Documents\Visual Studio 2012\Projects\300HW2\300HW2\Debug\link.28764.write.1.tlog
C:\Users\Menes\Documents\Visual Studio 2012\Projects\300HW2\300HW2\Debug\link.31892-cvtres.read.1.tlog
C:\Users\Menes\Documents\Visual Studio 2012\Projects\300HW2\300HW2\Debug\link.31892-cvtres.write.1.tlog
C:\Users\Menes\Documents\Visual Studio 2012\Projects\300HW2\300HW2\Debug\link.31892-rc.read.1.tlog
C:\Users\Menes\Documents\Visual Studio 2012\Projects\300HW2\300HW2\Debug\link.31892-rc.write.1.tlog
C:\Users\Menes\Documents\Visual Studio 2012\Projects\300HW2\300HW2\Debug\link.31892.read.1.tlog
C:\Users\Menes\Documents\Visual Studio 2012\Projects\300HW2\300HW2\Debug\link.31892.write.1.tlog
C:\Users\Menes\Documents\Visual Studio 2012\Projects\300HW2\300HW2\Debug\link.34232-cvtres.read.1.tlog
C:\Users\Menes\Documents\Visual Studio 2012\Projects\300HW2\300HW2\Debug\link.34232-cvtres.write.1.tlog
C:\Users\Menes\Documents\Visual Studio 2012\Projects\300HW2\300HW2\Debug\link.34232-rc.read.1.tlog
C:\Users\Menes\Documents\Visual Studio 2012\Projects\300HW2\300HW2\Debug\link.34232-rc.write.1.tlog
C:\Users\Menes\Documents\Visual Studio 2012\Projects\300HW2\300HW2\Debug\link.34232.read.1.tlog
C:\Users\Menes\Documents\Visual Studio 2012\Projects\300HW2\300HW2\Debug\link.34232.write.1.tlog
C:\Users\Menes\Documents\Visual Studio 2012\Projects\300HW2\300HW2\Debug\link.34392-cvtres.read.1.tlog
C:\Users\Menes\Documents\Visual Studio 2012\Projects\300HW2\300HW2\Debug\link.34392-cvtres.write.1.tlog
C:\Users\Menes\Documents\Visual Studio 2012\Projects\300HW2\300HW2\Debug\link.34392-rc.read.1.tlog
C:\Users\Menes\Documents\Visual Studio 2012\Projects\300HW2\300HW2\Debug\link.34392-rc.write.1.tlog
C:\Users\Menes\Documents\Visual Studio 2012\Projects\300HW2\300HW2\Debug\link.34392.read.1.tlog
C:\Users\Menes\Documents\Visual Studio 2012\Projects\300HW2\300HW2\Debug\link.34392.write.1.tlog
C:\Users\Menes\Documents\Visual Studio 2012\Projects\300HW2\300HW2\Debug\link.6612-cvtres.read.1.tlog
C:\Users\Menes\Documents\Visual Studio 2012\Projects\300HW2\300HW2\Debug\link.6612-cvtres.write.1.tlog
C:\Users\Menes\Documents\Visual Studio 2012\Projects\300HW2\300HW2\Debug\link.6612-rc.read.1.tlog
C:\Users\Menes\Documents\Visual Studio 2012\Projects\300HW2\300HW2\Debug\link.6612-rc.write.1.tlog
C:\Users\Menes\Documents\Visual Studio 2012\Projects\300HW2\300HW2\Debug\link.6612.read.1.tlog
C:\Users\Menes\Documents\Visual Studio 2012\Projects\300HW2\300HW2\Debug\link.6612.write.1.tlog
C:\Users\Menes\Documents\Visual Studio 2012\Projects\300HW2\300HW2\Debug\link.7792-cvtres.read.1.tlog
C:\Users\Menes\Documents\Visual Studio 2012\Projects\300HW2\300HW2\Debug\link.7792-cvtres.write.1.tlog
C:\Users\Menes\Documents\Visual Studio 2012\Projects\300HW2\300HW2\Debug\link.7792-rc.read.1.tlog
C:\Users\Menes\Documents\Visual Studio 2012\Projects\300HW2\300HW2\Debug\link.7792-rc.write.1.tlog
C:\Users\Menes\Documents\Visual Studio 2012\Projects\300HW2\300HW2\Debug\link.7792.read.1.tlog
C:\Users\Menes\Documents\Visual Studio 2012\Projects\300HW2\300HW2\Debug\link.7792.write.1.tlog
C:\Users\Menes\Documents\Visual Studio 2012\Projects\300HW2\300HW2\Debug\link.9848-cvtres.read.1.tlog
C:\Users\Menes\Documents\Visual Studio 2012\Projects\300HW2\300HW2\Debug\link.9848-cvtres.write.1.tlog
C:\Users\Menes\Documents\Visual Studio 2012\Projects\300HW2\300HW2\Debug\link.9848-rc.read.1.tlog
C:\Users\Menes\Documents\Visual Studio 2012\Projects\300HW2\300HW2\Debug\link.9848-rc.write.1.tlog
C:\Users\Menes\Documents\Visual Studio 2012\Projects\300HW2\300HW2\Debug\link.9848.read.1.tlog
C:\Users\Menes\Documents\Visual Studio 2012\Projects\300HW2\300HW2\Debug\link.9848.write.1.tlog
C:\Users\Menes\Documents\Visual Studio 2012\Projects\300HW2\300HW2\Debug\link.command.1.tlog
C:\Users\Menes\Documents\Visual Studio 2012\Projects\300HW2\300HW2\Debug\link.read.1.tlog
C:\Users\Menes\Documents\Visual Studio 2012\Projects\300HW2\300HW2\Debug\link.write.1.tlog
C:\Users\Menes\Documents\Visual Studio 2012\Projects\300HW2\300HW2\Debug\vc110.idb
C:\Users\Menes\Documents\Visual Studio 2012\Projects\300HW2\300HW2\Debug\vc110.pdb
C:\Users\Menes\Documents\Visual Studio 2012\Projects\300HW2\Debug\300HW2.pdb
C:\Users\Menes\Documents\Visual Studio 2012\Projects\300HW2\Debug\300HW2.exe
C:\Users\Menes\Documents\Visual Studio 2012\Projects\300HW2\Debug\300HW2.ilk
